Starting mailing...
Sending mail to Jeroen (jeroen.dekker@itility.nl)
Sending mail to Anne (anne.willem.landman@itility.nl)
Sending mail to Bas (bas.cloin@itility.nl)
Sending mail to Bram (bram.erven@itility.nl)
Sending mail to Dhiraj (dhiraj.ausan@itility.nl)
Sending mail to Didier (didier.van.heemst@itility.nl)
Sending mail to Dieuwertje (dieuwertje.woudstra@itility.nl)
Sending mail to Dion (dion.vermarien@itility.nl)
Sending mail to Don (don.willems@itility.nl)
Sending mail to Erwin (erwin.kuipers@itility.nl)
Sending mail to Patrick (patrick.dielesen@itility.nl)
Sending mail to Fer (fer.van.rijswijk@itility.nl)
Sending mail to Fred (fred.jansen@itility.nl)
Sending mail to Gökhan (gokhan.altan@itility.nl)
Sending mail to Ivo (ivo.janssen@itility.nl)
Sending mail to Jelle (jelle.langeraap@itility.nl)
Sending mail to Jitse-Jan (jitse-jan.van.waterschoot@itility.nl)
Sending mail to Joris (joris.van.eldik@itility.nl)
Sending mail to Lindsey (lindsey.muijlwijk@itility.nl)
Sending mail to Lisa (lisa.coppens@itility.)
Sending mail to Hajo (hajo.de.groot@itility.nl)
Sending mail to Luuk (luuk.tersmette@itility.nl)
Sending mail to Maarten (maarten.hazeu@itility.nl)
Sending mail to Maarten (maarten.hofmeester@itility.nl)
Sending mail to Maarten (maarten.slenter@itility.nl)
Sending mail to Mark (mark.van.domburg@itility.nl)
Sending mail to Mark (mark.van.kessel@itility.nl)
Sending mail to Martijn (martijn.sanders@itility.nl)
Sending mail to Michiel (michiel.mous@itility.nl)
Sending mail to Nick (nick.bronkhorst@itility.nl)
Sending mail to Henk-Jan (henk-jan.castermans@itility.nl)
Sending mail to Olaf (olaf.de.wit@itility.nl)
Sending mail to Oscar (oscar.aerdts@itility.nl)
Sending mail to Roel (roel.thijssen@itility.nl)
Sending mail to Sam (sam.van.beuningen@itility.nl)
Sending mail to Seref (seref.kara@itility.nl)
Sending mail to Simon (simon.muller@itility.nl)
Sending mail to Tessa (tessa.van.schijndel@itility.nl)
Sending mail to Thom (thom.koomen@itility.nl)
Sending mail to Tim (tim.janssen@itility.nl)
Sending mail to Fleur (fleur.kappen@itility.nl)
Sending mail to Valery (valery.tomsjansen@itility.nl)
Sending mail to Vincent (vincent.de.bruijn@itility.nl)
Sending mail to Vincent (vincent.lichtenberg@itility.nl)
Sending mail to Wouter (wouter.hermkens@itility.nl)
Sending mail to Leendert (leendert.van.duijn@itility.nl)
End mailing!
